[0.009s] Invoking command in '/home/mrdan/crs_ws/src/customer_and_peets/build/customer_and_peets': CMAKE_PREFIX_PATH=${CMAKE_PREFIX_PATH}:/home/mrdan/dev_ws/install/originbot_viz:/home/mrdan/dev_ws/install/originbot_demo:/home/mrdan/dev_ws/install/originbot_gazebo_harmonic:/home/mrdan/dev_ws/install/originbot_gazebo_fortress:/home/mrdan/dev_ws/install/originbot_gazebo:/home/mrdan/dev_ws/install/originbot_description:/home/mrdan/dev_ws/install/line_follower_model:/opt/ros/foxy /usr/bin/cmake --build /home/mrdan/crs_ws/src/customer_and_peets/build/customer_and_peets -- -j8 -l8
[0.039s] [35m[1mScanning dependencies of target customer_node[0m
[0.048s] [ 25%] [32mBuilding CXX object CMakeFiles/peets_node.dir/src/peets.cpp.o[0m
[0.054s] [ 50%] [32mBuilding CXX object CMakeFiles/customer_node.dir/src/customer.cpp.o[0m
[0.928s] [01m[K/home/mrdan/crs_ws/src/customer_and_peets/src/customer.cpp:[m[K In constructor â€˜[01m[KcustomerNode::customerNode(std::string)[m[Kâ€™:
[0.928s] [01m[K/home/mrdan/crs_ws/src/customer_and_peets/src/customer.cpp:24:102:[m[K [01;31m[Kerror: [m[Kâ€˜[01m[KCustomerNode[m[Kâ€™ has not been declared
[0.928s]    24 |         sub_hamburger = this->create_subscription<std_msgs::msg::String>("hamburger", 10, std::bind(&[01;31m[KCustomerNode[m[K::hamburger_callback, this, _1));
[0.928s]       |                                                                                                      [01;31m[K^~~~~~~~~~~~[m[K
[0.928s] [01m[K/home/mrdan/crs_ws/src/customer_and_peets/src/customer.cpp:27:110:[m[K [01;31m[Kerror: [m[Kâ€˜[01m[KCustomerNode[m[Kâ€™ has not been declared
[0.928s]    27 |         sub_advertisement = this->create_subscription<std_msgs::msg::String>("advertisement", 10, std::bind(&[01;31m[KCustomerNode[m[K::advertisement_callback, this, _1));
[0.928s]       |                                                                                                              [01;31m[K^~~~~~~~~~~~[m[K
[0.936s] [01m[K/home/mrdan/crs_ws/src/customer_and_peets/src/peets.cpp:[m[K In constructor â€˜[01m[KpeetsNode::peetsNode(std::string)[m[Kâ€™:
[0.936s] [01m[K/home/mrdan/crs_ws/src/customer_and_peets/src/peets.cpp:33:74:[m[K [01;31m[Kerror: [m[Kâ€˜[01m[KKFCNode[m[Kâ€™ has not been declared
[0.936s]    33 | rtisement_timer = this->create_wall_timer(5000ms, std::bind(&[01;31m[KKFCNode[m[K::advertisement_timer_callback, this));
[0.936s]       |                                                              [01;31m[K^~~~~~~[m[K
[0.936s] 
[1.615s] make[2]: *** [CMakeFiles/customer_node.dir/build.make:63: CMakeFiles/customer_node.dir/src/customer.cpp.o] Error 1
[1.615s] make[1]: *** [CMakeFiles/Makefile2:107: CMakeFiles/customer_node.dir/all] Error 2
[1.615s] make[1]: *** Waiting for unfinished jobs....
[2.043s] make[2]: *** [CMakeFiles/peets_node.dir/build.make:63: CMakeFiles/peets_node.dir/src/peets.cpp.o] Error 1
[2.044s] make[1]: *** [CMakeFiles/Makefile2:80: CMakeFiles/peets_node.dir/all] Error 2
[2.044s] make: *** [Makefile:141: all] Error 2
[2.045s] Invoked command in '/home/mrdan/crs_ws/src/customer_and_peets/build/customer_and_peets' returned '2': CMAKE_PREFIX_PATH=${CMAKE_PREFIX_PATH}:/home/mrdan/dev_ws/install/originbot_viz:/home/mrdan/dev_ws/install/originbot_demo:/home/mrdan/dev_ws/install/originbot_gazebo_harmonic:/home/mrdan/dev_ws/install/originbot_gazebo_fortress:/home/mrdan/dev_ws/install/originbot_gazebo:/home/mrdan/dev_ws/install/originbot_description:/home/mrdan/dev_ws/install/line_follower_model:/opt/ros/foxy /usr/bin/cmake --build /home/mrdan/crs_ws/src/customer_and_peets/build/customer_and_peets -- -j8 -l8
