[35m[1mScanning dependencies of target customer_node[0m
[35m[1mScanning dependencies of target peets_node[0m
[ 25%] [32mBuilding CXX object CMakeFiles/peets_node.dir/src/peets.cpp.o[0m
[ 50%] [32mBuilding CXX object CMakeFiles/customer_node.dir/src/customer.cpp.o[0m
[01m[K/home/mrdan/crs_ws/src/customer_and_peets/src/customer.cpp:[m[K In constructor â€˜[01m[KcustomerNode::customerNode(std::string)[m[Kâ€™:
[01m[K/home/mrdan/crs_ws/src/customer_and_peets/src/customer.cpp:30:9:[m[K [01;31m[Kerror: [m[Kâ€˜[01m[Khungry_timer[m[Kâ€™ was not declared in this scope
   30 |         [01;31m[Khungry_timer[m[K = this->create_wall_timer(1000ms, std::bind(&customerNode::hungry_timer_callback, this));
      |         [01;31m[K^~~~~~~~~~~~[m[K
[01m[K/home/mrdan/crs_ws/src/customer_and_peets/src/customer.cpp:30:81:[m[K [01;31m[Kerror: [m[Kâ€˜[01m[Khungry_timer_callback[m[Kâ€™ is not a member of â€˜[01m[KcustomerNode[m[Kâ€™
   30 |         hungry_timer = this->create_wall_timer(1000ms, std::bind(&customerNode::[01;31m[Khungry_timer_callback[m[K, this));
      |                                                                                 [01;31m[K^~~~~~~~~~~~~~~~~~~~~[m[K
[01m[K/home/mrdan/crs_ws/src/customer_and_peets/src/peets.cpp:[m[K In member function â€˜[01m[Kvoid peetsNode::money_callback(std_msgs::msg::UInt32_<std::allocator<void> >::SharedPtr)[m[Kâ€™:
[01m[K/home/mrdan/crs_ws/src/customer_and_peets/src/peets.cpp:85:13:[m[K [01;31m[Kerror: [m[Kâ€˜[01m[Kpub_hamburger[m[Kâ€™ was not declared in this scope
   85 |             [01;31m[Kpub_hamburger[m[K->publish(str_coffee_num);
      |             [01;31m[K^~~~~~~~~~~~~[m[K
make[2]: *** [CMakeFiles/customer_node.dir/build.make:63: CMakeFiles/customer_node.dir/src/customer.cpp.o] Error 1
make[1]: *** [CMakeFiles/Makefile2:107: CMakeFiles/customer_node.dir/all] Error 2
make[1]: *** Waiting for unfinished jobs....
make[2]: *** [CMakeFiles/peets_node.dir/build.make:63: CMakeFiles/peets_node.dir/src/peets.cpp.o] Error 1
make[1]: *** [CMakeFiles/Makefile2:80: CMakeFiles/peets_node.dir/all] Error 2
make: *** [Makefile:141: all] Error 2
