[0.009s] Invoking command in '/home/mrdan/crs_ws/build/customer_and_peets': CMAKE_PREFIX_PATH=${CMAKE_PREFIX_PATH}:/home/mrdan/dev_ws/install/originbot_viz:/home/mrdan/dev_ws/install/originbot_demo:/home/mrdan/dev_ws/install/originbot_gazebo_harmonic:/home/mrdan/dev_ws/install/originbot_gazebo_fortress:/home/mrdan/dev_ws/install/originbot_gazebo:/home/mrdan/dev_ws/install/originbot_description:/home/mrdan/dev_ws/install/line_follower_model:/opt/ros/foxy /usr/bin/cmake --build /home/mrdan/crs_ws/build/customer_and_peets -- -j8 -l8
[0.076s] [35m[1mScanning dependencies of target customer_node[0m
[0.076s] [35m[1mScanning dependencies of target peets_node[0m
[0.115s] [ 25%] [32mBuilding CXX object CMakeFiles/peets_node.dir/src/peets.cpp.o[0m
[0.115s] [ 50%] [32mBuilding CXX object CMakeFiles/customer_node.dir/src/customer.cpp.o[0m
[0.981s] [01m[K/home/mrdan/crs_ws/src/customer_and_peets/src/customer.cpp:[m[K In constructor â€˜[01m[KcustomerNode::customerNode(std::string)[m[Kâ€™:
[0.981s] [01m[K/home/mrdan/crs_ws/src/customer_and_peets/src/customer.cpp:30:9:[m[K [01;31m[Kerror: [m[Kâ€˜[01m[Khungry_timer[m[Kâ€™ was not declared in this scope
[0.981s]    30 |         [01;31m[Khungry_timer[m[K = this->create_wall_timer(1000ms, std::bind(&customerNode::hungry_timer_callback, this));
[0.981s]       |         [01;31m[K^~~~~~~~~~~~[m[K
[0.981s] [01m[K/home/mrdan/crs_ws/src/customer_and_peets/src/customer.cpp:30:81:[m[K [01;31m[Kerror: [m[Kâ€˜[01m[Khungry_timer_callback[m[Kâ€™ is not a member of â€˜[01m[KcustomerNode[m[Kâ€™
[0.981s]    30 |         hungry_timer = this->create_wall_timer(1000ms, std::bind(&customerNode::[01;31m[Khungry_timer_callback[m[K, this));
[0.981s]       |                                                                                 [01;31m[K^~~~~~~~~~~~~~~~~~~~~[m[K
[1.008s] [01m[K/home/mrdan/crs_ws/src/customer_and_peets/src/peets.cpp:[m[K In member function â€˜[01m[Kvoid peetsNode::money_callback(std_msgs::msg::UInt32_<std::allocator<void> >::SharedPtr)[m[Kâ€™:
[1.008s] [01m[K/home/mrdan/crs_ws/src/customer_and_peets/src/peets.cpp:85:13:[m[K [01;31m[Kerror: [m[Kâ€˜[01m[Kpub_hamburger[m[Kâ€™ was not declared in this scope
[1.008s]    85 |             [01;31m[Kpub_hamburger[m[K->publish(str_coffee_num);
[1.008s]       |             [01;31m[K^~~~~~~~~~~~~[m[K
[2.102s] make[2]: *** [CMakeFiles/customer_node.dir/build.make:63: CMakeFiles/customer_node.dir/src/customer.cpp.o] Error 1
[2.102s] make[1]: *** [CMakeFiles/Makefile2:107: CMakeFiles/customer_node.dir/all] Error 2
[2.102s] make[1]: *** Waiting for unfinished jobs....
[2.112s] make[2]: *** [CMakeFiles/peets_node.dir/build.make:63: CMakeFiles/peets_node.dir/src/peets.cpp.o] Error 1
[2.113s] make[1]: *** [CMakeFiles/Makefile2:80: CMakeFiles/peets_node.dir/all] Error 2
[2.113s] make: *** [Makefile:141: all] Error 2
[2.114s] Invoked command in '/home/mrdan/crs_ws/build/customer_and_peets' returned '2': CMAKE_PREFIX_PATH=${CMAKE_PREFIX_PATH}:/home/mrdan/dev_ws/install/originbot_viz:/home/mrdan/dev_ws/install/originbot_demo:/home/mrdan/dev_ws/install/originbot_gazebo_harmonic:/home/mrdan/dev_ws/install/originbot_gazebo_fortress:/home/mrdan/dev_ws/install/originbot_gazebo:/home/mrdan/dev_ws/install/originbot_description:/home/mrdan/dev_ws/install/line_follower_model:/opt/ros/foxy /usr/bin/cmake --build /home/mrdan/crs_ws/build/customer_and_peets -- -j8 -l8
